<?xml version="1.0" encoding="UTF-8"?>
<testsuite name="de.uni_passau.fim.se2.slicer.util.output.ByteCodeExtractorTest" tests="2" skipped="0" failures="0" errors="0" timestamp="2020-05-27T18:27:24" hostname="ENVY-x360" time="0.113">
  <properties/>
  <testcase name="test_extractToFile()" classname="de.uni_passau.fim.se2.slicer.util.output.ByteCodeExtractorTest" time="0.103"/>
  <testcase name="test_extract()" classname="de.uni_passau.fim.se2.slicer.util.output.ByteCodeExtractorTest" time="0.009"/>
  <system-out><![CDATA[]]></system-out>
  <system-err><![CDATA[]]></system-err>
</testsuite>
