<?xml version="1.0" encoding="UTF-8"?>
<testsuite name="de.uni_passau.fim.se2.slicer.util.cfg.LocalVariableTableTest" tests="5" skipped="0" failures="0" errors="0" timestamp="2020-05-27T18:27:24" hostname="ENVY-x360" time="0.064">
  <properties/>
  <testcase name="getNonExistingEntry()" classname="de.uni_passau.fim.se2.slicer.util.cfg.LocalVariableTableTest" time="0.046"/>
  <testcase name="addEntryTwice()" classname="de.uni_passau.fim.se2.slicer.util.cfg.LocalVariableTableTest" time="0.002"/>
  <testcase name="addTwoEntries()" classname="de.uni_passau.fim.se2.slicer.util.cfg.LocalVariableTableTest" time="0.002"/>
  <testcase name="addEntryOnce()" classname="de.uni_passau.fim.se2.slicer.util.cfg.LocalVariableTableTest" time="0.004"/>
  <testcase name="getExistingEntry()" classname="de.uni_passau.fim.se2.slicer.util.cfg.LocalVariableTableTest" time="0.002"/>
  <system-out><![CDATA[]]></system-out>
  <system-err><![CDATA[]]></system-err>
</testsuite>
