<?xml version="1.0" encoding="UTF-8"?>
<testsuite name="de.uni_passau.fim.se2.slicer.util.cfg.NodeTest" tests="7" skipped="2" failures="0" errors="0" timestamp="2020-05-27T18:27:24" hostname="ENVY-x360" time="0.019">
  <properties/>
  <testcase name="test_getLineNumber()" classname="de.uni_passau.fim.se2.slicer.util.cfg.NodeTest" time="0.0"/>
  <testcase name="test_hashCode()" classname="de.uni_passau.fim.se2.slicer.util.cfg.NodeTest" time="0.006"/>
  <testcase name="test_equals()" classname="de.uni_passau.fim.se2.slicer.util.cfg.NodeTest" time="0.001"/>
  <testcase name="test_toString()" classname="de.uni_passau.fim.se2.slicer.util.cfg.NodeTest" time="0.001">
    <skipped/>
  </testcase>
  <testcase name="test_prettyPrint()" classname="de.uni_passau.fim.se2.slicer.util.cfg.NodeTest" time="0.0">
    <skipped/>
  </testcase>
  <testcase name="test_getInstruction()" classname="de.uni_passau.fim.se2.slicer.util.cfg.NodeTest" time="0.001"/>
  <testcase name="test_getID()" classname="de.uni_passau.fim.se2.slicer.util.cfg.NodeTest" time="0.002"/>
  <system-out><![CDATA[]]></system-out>
  <system-err><![CDATA[]]></system-err>
</testsuite>
