<?xml version="1.0" encoding="UTF-8"?>
<testsuite name="de.uni_passau.fim.se2.slicer.util.cfg.LocalVariableTest" tests="14" skipped="0" failures="0" errors="0" timestamp="2020-05-27T18:27:22" hostname="ENVY-x360" time="0.192">
  <properties/>
  <testcase name="test_foo_getDescriptor()" classname="de.uni_passau.fim.se2.slicer.util.cfg.LocalVariableTest" time="0.107"/>
  <testcase name="test_foo_equals_foo()" classname="de.uni_passau.fim.se2.slicer.util.cfg.LocalVariableTest" time="0.001"/>
  <testcase name="test_foo_sameHashCode_fooClone()" classname="de.uni_passau.fim.se2.slicer.util.cfg.LocalVariableTest" time="0.002"/>
  <testcase name="test_foo_getIndex()" classname="de.uni_passau.fim.se2.slicer.util.cfg.LocalVariableTest" time="0.002"/>
  <testcase name="test_foo_null()" classname="de.uni_passau.fim.se2.slicer.util.cfg.LocalVariableTest" time="0.016"/>
  <testcase name="test_foo_notEquals_String()" classname="de.uni_passau.fim.se2.slicer.util.cfg.LocalVariableTest" time="0.001"/>
  <testcase name="test_foo_differentHashCode_bar()" classname="de.uni_passau.fim.se2.slicer.util.cfg.LocalVariableTest" time="0.001"/>
  <testcase name="test_foo_toString()" classname="de.uni_passau.fim.se2.slicer.util.cfg.LocalVariableTest" time="0.038"/>
  <testcase name="test_foo_notEquals_fooModified()" classname="de.uni_passau.fim.se2.slicer.util.cfg.LocalVariableTest" time="0.001"/>
  <testcase name="test_foo_sameAs_foo()" classname="de.uni_passau.fim.se2.slicer.util.cfg.LocalVariableTest" time="0.004"/>
  <testcase name="test_foo_getSignature()" classname="de.uni_passau.fim.se2.slicer.util.cfg.LocalVariableTest" time="0.001"/>
  <testcase name="test_foo_getName()" classname="de.uni_passau.fim.se2.slicer.util.cfg.LocalVariableTest" time="0.001"/>
  <testcase name="test_foo_equals_fooClone()" classname="de.uni_passau.fim.se2.slicer.util.cfg.LocalVariableTest" time="0.001"/>
  <testcase name="test_foo_notEquals_null()" classname="de.uni_passau.fim.se2.slicer.util.cfg.LocalVariableTest" time="0.001"/>
  <system-out><![CDATA[]]></system-out>
  <system-err><![CDATA[]]></system-err>
</testsuite>
