<?xml version="1.0" encoding="UTF-8"?>
<testsuite name="de.uni_passau.fim.se2.slicer.analysis.ControlDependenceGraphTest" tests="1" skipped="0" failures="0" errors="0" timestamp="2020-05-27T18:27:37" hostname="ENVY-x360" time="0.005">
  <properties/>
  <testcase name="test_computeResult()" classname="de.uni_passau.fim.se2.slicer.analysis.ControlDependenceGraphTest" time="0.005"/>
  <system-out><![CDATA[]]></system-out>
  <system-err><![CDATA[]]></system-err>
</testsuite>
