<?xml version="1.0" encoding="UTF-8"?>
<testsuite name="de.uni_passau.fim.se2.slicer.analysis.ProgramDependenceGraphTest" tests="1" skipped="0" failures="0" errors="0" timestamp="2020-05-27T18:27:36" hostname="ENVY-x360" time="0.289">
  <properties/>
  <testcase name="test_backwardSlice()" classname="de.uni_passau.fim.se2.slicer.analysis.ProgramDependenceGraphTest" time="0.289"/>
  <system-out><![CDATA[]]></system-out>
  <system-err><![CDATA[]]></system-err>
</testsuite>
